{"/home/u634805/projects/monte/star-realms-counter/src/App.tsx": {"path":"/home/u634805/projects/monte/star-realms-counter/src/App.tsx","statementMap":{"0":{"start":{"line":9,"column":34},"end":{"line":9,"column":null}},"1":{"start":{"line":10,"column":28},"end":{"line":13,"column":null}},"2":{"start":{"line":15,"column":28},"end":{"line":29,"column":null}},"3":{"start":{"line":16,"column":4},"end":{"line":16,"column":null}},"4":{"start":{"line":17,"column":33},"end":{"line":17,"column":null}},"5":{"start":{"line":18,"column":4},"end":{"line":27,"column":null}},"6":{"start":{"line":18,"column":17},"end":{"line":18,"column":20}},"7":{"start":{"line":19,"column":29},"end":{"line":19,"column":null}},"8":{"start":{"line":19,"column":47},"end":{"line":19,"column":57}},"9":{"start":{"line":20,"column":6},"end":{"line":26,"column":null}},"10":{"start":{"line":28,"column":4},"end":{"line":28,"column":null}},"11":{"start":{"line":31,"column":23},"end":{"line":35,"column":null}},"12":{"start":{"line":32,"column":4},"end":{"line":34,"column":null}},"13":{"start":{"line":33,"column":6},"end":{"line":33,"column":null}},"14":{"start":{"line":37,"column":20},"end":{"line":43,"column":null}},"15":{"start":{"line":38,"column":4},"end":{"line":42,"column":null}},"16":{"start":{"line":38,"column":38},"end":{"line":42,"column":6}},"17":{"start":{"line":45,"column":20},"end":{"line":52,"column":null}},"18":{"start":{"line":46,"column":4},"end":{"line":51,"column":null}},"19":{"start":{"line":46,"column":38},"end":{"line":51,"column":6}},"20":{"start":{"line":54,"column":2},"end":{"line":80,"column":null}},"21":{"start":{"line":66,"column":10},"end":{"line":70,"column":null}}},"fnMap":{"0":{"name":"App","decl":{"start":{"line":8,"column":9},"end":{"line":8,"column":15}},"loc":{"start":{"line":8,"column":15},"end":{"line":82,"column":null}},"line":8},"1":{"name":"(anonymous_1)","decl":{"start":{"line":15,"column":28},"end":{"line":15,"column":29}},"loc":{"start":{"line":15,"column":52},"end":{"line":29,"column":null}},"line":15},"2":{"name":"(anonymous_2)","decl":{"start":{"line":19,"column":42},"end":{"line":19,"column":47}},"loc":{"start":{"line":19,"column":47},"end":{"line":19,"column":57}},"line":19},"3":{"name":"(anonymous_3)","decl":{"start":{"line":31,"column":23},"end":{"line":31,"column":24}},"loc":{"start":{"line":31,"column":90},"end":{"line":35,"column":null}},"line":31},"4":{"name":"(anonymous_4)","decl":{"start":{"line":32,"column":27},"end":{"line":32,"column":null}},"loc":{"start":{"line":33,"column":6},"end":{"line":33,"column":null}},"line":33},"5":{"name":"(anonymous_5)","decl":{"start":{"line":37,"column":20},"end":{"line":37,"column":26}},"loc":{"start":{"line":37,"column":26},"end":{"line":43,"column":null}},"line":37},"6":{"name":"(anonymous_6)","decl":{"start":{"line":38,"column":27},"end":{"line":38,"column":38}},"loc":{"start":{"line":38,"column":38},"end":{"line":42,"column":6}},"line":38},"7":{"name":"(anonymous_7)","decl":{"start":{"line":45,"column":20},"end":{"line":45,"column":26}},"loc":{"start":{"line":45,"column":26},"end":{"line":52,"column":null}},"line":45},"8":{"name":"(anonymous_8)","decl":{"start":{"line":46,"column":27},"end":{"line":46,"column":38}},"loc":{"start":{"line":46,"column":38},"end":{"line":51,"column":6}},"line":46},"9":{"name":"(anonymous_9)","decl":{"start":{"line":65,"column":21},"end":{"line":65,"column":null}},"loc":{"start":{"line":66,"column":10},"end":{"line":70,"column":null}},"line":66}},"branchMap":{"0":{"loc":{"start":{"line":20,"column":22},"end":{"line":26,"column":7}},"type":"binary-expr","locations":[{"start":{"line":20,"column":22},"end":{"line":20,"column":40}},{"start":{"line":20,"column":40},"end":{"line":26,"column":7}}],"line":20},"1":{"loc":{"start":{"line":33,"column":6},"end":{"line":33,"column":null}},"type":"cond-expr","locations":[{"start":{"line":33,"column":31},"end":{"line":33,"column":63}},{"start":{"line":33,"column":63},"end":{"line":33,"column":null}}],"line":33}},"s":{"0":6,"1":6,"2":6,"3":1,"4":1,"5":1,"6":1,"7":4,"8":7,"9":4,"10":4,"11":6,"12":0,"13":0,"14":6,"15":0,"16":0,"17":6,"18":0,"19":0,"20":6,"21":14},"f":{"0":6,"1":1,"2":7,"3":0,"4":0,"5":0,"6":0,"7":0,"8":0,"9":14},"b":{"0":[4,2],"1":[0,0]},"meta":{"lastBranch":2,"lastFunction":10,"lastStatement":22,"seen":{"f:8:9:8:15":0,"s:9:34:9:Infinity":0,"s:10:28:13:Infinity":1,"s:15:28:29:Infinity":2,"f:15:28:15:29":1,"s:16:4:16:Infinity":3,"s:17:33:17:Infinity":4,"s:18:4:27:Infinity":5,"s:18:17:18:20":6,"s:19:29:19:Infinity":7,"f:19:42:19:47":2,"s:19:47:19:57":8,"s:20:6:26:Infinity":9,"b:20:22:20:40:20:40:26:7":0,"s:28:4:28:Infinity":10,"s:31:23:35:Infinity":11,"f:31:23:31:24":3,"s:32:4:34:Infinity":12,"f:32:27:32:Infinity":4,"s:33:6:33:Infinity":13,"b:33:31:33:63:33:63:33:Infinity":1,"s:37:20:43:Infinity":14,"f:37:20:37:26":5,"s:38:4:42:Infinity":15,"f:38:27:38:38":6,"s:38:38:42:6":16,"s:45:20:52:Infinity":17,"f:45:20:45:26":7,"s:46:4:51:Infinity":18,"f:46:27:46:38":8,"s:46:38:51:6":19,"s:54:2:80:Infinity":20,"f:65:21:65:Infinity":9,"s:66:10:70:Infinity":21}}}
,"/home/u634805/projects/monte/star-realms-counter/src/components/atoms/Button.tsx": {"path":"/home/u634805/projects/monte/star-realms-counter/src/components/atoms/Button.tsx","statementMap":{"0":{"start":{"line":10,"column":22},"end":{"line":26,"column":null}},"1":{"start":{"line":11,"column":23},"end":{"line":19,"column":null}},"2":{"start":{"line":12,"column":17},"end":{"line":12,"column":null}},"3":{"start":{"line":13,"column":21},"end":{"line":17,"column":null}},"4":{"start":{"line":18,"column":4},"end":{"line":18,"column":null}},"5":{"start":{"line":21,"column":2},"end":{"line":24,"column":null}}},"fnMap":{"0":{"name":"(anonymous_0)","decl":{"start":{"line":10,"column":22},"end":{"line":10,"column":23}},"loc":{"start":{"line":10,"column":101},"end":{"line":26,"column":null}},"line":10},"1":{"name":"(anonymous_1)","decl":{"start":{"line":11,"column":23},"end":{"line":11,"column":29}},"loc":{"start":{"line":11,"column":29},"end":{"line":19,"column":null}},"line":11}},"branchMap":{"0":{"loc":{"start":{"line":10,"column":44},"end":{"line":10,"column":67}},"type":"default-arg","locations":[{"start":{"line":10,"column":54},"end":{"line":10,"column":67}}],"line":10},"1":{"loc":{"start":{"line":10,"column":67},"end":{"line":10,"column":82}},"type":"default-arg","locations":[{"start":{"line":10,"column":76},"end":{"line":10,"column":82}}],"line":10},"2":{"loc":{"start":{"line":16,"column":28},"end":{"line":16,"column":50}},"type":"cond-expr","locations":[{"start":{"line":16,"column":37},"end":{"line":16,"column":48}},{"start":{"line":16,"column":48},"end":{"line":16,"column":50}}],"line":16}},"s":{"0":6,"1":153,"2":153,"3":153,"4":153,"5":153},"f":{"0":153,"1":153},"b":{"0":[153],"1":[153],"2":[10,143]},"meta":{"lastBranch":3,"lastFunction":2,"lastStatement":6,"seen":{"s:10:22:26:Infinity":0,"f:10:22:10:23":0,"b:10:54:10:67":0,"b:10:76:10:82":1,"s:11:23:19:Infinity":1,"f:11:23:11:29":1,"s:12:17:12:Infinity":2,"s:13:21:17:Infinity":3,"b:16:37:16:48:16:48:16:50":2,"s:18:4:18:Infinity":4,"s:21:2:24:Infinity":5}}}
,"/home/u634805/projects/monte/star-realms-counter/src/components/atoms/CompactStat.tsx": {"path":"/home/u634805/projects/monte/star-realms-counter/src/components/atoms/CompactStat.tsx","statementMap":{"0":{"start":{"line":11,"column":27},"end":{"line":22,"column":null}},"1":{"start":{"line":12,"column":2},"end":{"line":20,"column":null}}},"fnMap":{"0":{"name":"(anonymous_0)","decl":{"start":{"line":11,"column":27},"end":{"line":11,"column":28}},"loc":{"start":{"line":11,"column":98},"end":{"line":22,"column":null}},"line":11}},"branchMap":{},"s":{"0":3,"1":39},"f":{"0":39},"b":{},"meta":{"lastBranch":0,"lastFunction":1,"lastStatement":2,"seen":{"s:11:27:22:Infinity":0,"f:11:27:11:28":0,"s:12:2:20:Infinity":1}}}
,"/home/u634805/projects/monte/star-realms-counter/src/components/atoms/ConfirmButton.tsx": {"path":"/home/u634805/projects/monte/star-realms-counter/src/components/atoms/ConfirmButton.tsx","statementMap":{"0":{"start":{"line":13,"column":29},"end":{"line":35,"column":null}},"1":{"start":{"line":14,"column":32},"end":{"line":14,"column":null}},"2":{"start":{"line":16,"column":24},"end":{"line":19,"column":null}},"3":{"start":{"line":17,"column":4},"end":{"line":17,"column":null}},"4":{"start":{"line":18,"column":4},"end":{"line":18,"column":null}},"5":{"start":{"line":21,"column":2},"end":{"line":33,"column":null}},"6":{"start":{"line":23,"column":47},"end":{"line":23,"column":null}},"7":{"start":{"line":31,"column":24},"end":{"line":31,"column":null}}},"fnMap":{"0":{"name":"(anonymous_0)","decl":{"start":{"line":13,"column":29},"end":{"line":13,"column":30}},"loc":{"start":{"line":13,"column":129},"end":{"line":35,"column":null}},"line":13},"1":{"name":"(anonymous_1)","decl":{"start":{"line":16,"column":24},"end":{"line":16,"column":30}},"loc":{"start":{"line":16,"column":30},"end":{"line":19,"column":null}},"line":16},"2":{"name":"(anonymous_2)","decl":{"start":{"line":23,"column":41},"end":{"line":23,"column":47}},"loc":{"start":{"line":23,"column":47},"end":{"line":23,"column":null}},"line":23},"3":{"name":"(anonymous_3)","decl":{"start":{"line":31,"column":18},"end":{"line":31,"column":24}},"loc":{"start":{"line":31,"column":24},"end":{"line":31,"column":null}},"line":31}},"branchMap":{"0":{"loc":{"start":{"line":13,"column":51},"end":{"line":13,"column":74}},"type":"default-arg","locations":[{"start":{"line":13,"column":61},"end":{"line":13,"column":74}}],"line":13}},"s":{"0":2,"1":22,"2":22,"3":2,"4":2,"5":22,"6":2,"7":0},"f":{"0":22,"1":2,"2":2,"3":0},"b":{"0":[22]},"meta":{"lastBranch":1,"lastFunction":4,"lastStatement":8,"seen":{"s:13:29:35:Infinity":0,"f:13:29:13:30":0,"b:13:61:13:74":0,"s:14:32:14:Infinity":1,"s:16:24:19:Infinity":2,"f:16:24:16:30":1,"s:17:4:17:Infinity":3,"s:18:4:18:Infinity":4,"s:21:2:33:Infinity":5,"f:23:41:23:47":2,"s:23:47:23:Infinity":6,"f:31:18:31:24":3,"s:31:24:31:Infinity":7}}}
,"/home/u634805/projects/monte/star-realms-counter/src/components/atoms/Input.tsx": {"path":"/home/u634805/projects/monte/star-realms-counter/src/components/atoms/Input.tsx","statementMap":{"0":{"start":{"line":8,"column":21},"end":{"line":18,"column":null}},"1":{"start":{"line":9,"column":2},"end":{"line":16,"column":null}},"2":{"start":{"line":13,"column":23},"end":{"line":13,"column":null}}},"fnMap":{"0":{"name":"(anonymous_0)","decl":{"start":{"line":8,"column":21},"end":{"line":8,"column":22}},"loc":{"start":{"line":8,"column":87},"end":{"line":18,"column":null}},"line":8},"1":{"name":"(anonymous_1)","decl":{"start":{"line":13,"column":16},"end":{"line":13,"column":17}},"loc":{"start":{"line":13,"column":23},"end":{"line":13,"column":null}},"line":13}},"branchMap":{"0":{"loc":{"start":{"line":8,"column":54},"end":{"line":8,"column":69}},"type":"default-arg","locations":[{"start":{"line":8,"column":66},"end":{"line":8,"column":69}}],"line":8}},"s":{"0":3,"1":21,"2":12},"f":{"0":21,"1":12},"b":{"0":[21]},"meta":{"lastBranch":1,"lastFunction":2,"lastStatement":3,"seen":{"s:8:21:18:Infinity":0,"f:8:21:8:22":0,"b:8:66:8:69":0,"s:9:2:16:Infinity":1,"f:13:16:13:17":1,"s:13:23:13:Infinity":2}}}
,"/home/u634805/projects/monte/star-realms-counter/src/components/atoms/Modal.tsx": {"path":"/home/u634805/projects/monte/star-realms-counter/src/components/atoms/Modal.tsx","statementMap":{"0":{"start":{"line":11,"column":21},"end":{"line":26,"column":null}},"1":{"start":{"line":12,"column":2},"end":{"line":12,"column":null}},"2":{"start":{"line":12,"column":15},"end":{"line":12,"column":null}},"3":{"start":{"line":14,"column":2},"end":{"line":24,"column":null}},"4":{"start":{"line":16,"column":53},"end":{"line":16,"column":null}}},"fnMap":{"0":{"name":"(anonymous_0)","decl":{"start":{"line":11,"column":21},"end":{"line":11,"column":22}},"loc":{"start":{"line":11,"column":86},"end":{"line":26,"column":null}},"line":11},"1":{"name":"(anonymous_1)","decl":{"start":{"line":16,"column":46},"end":{"line":16,"column":47}},"loc":{"start":{"line":16,"column":53},"end":{"line":16,"column":null}},"line":16}},"branchMap":{"0":{"loc":{"start":{"line":12,"column":2},"end":{"line":12,"column":null}},"type":"if","locations":[{"start":{"line":12,"column":2},"end":{"line":12,"column":null}},{"start":{},"end":{}}],"line":12}},"s":{"0":2,"1":22,"2":20,"3":2,"4":2},"f":{"0":22,"1":2},"b":{"0":[20,2]},"meta":{"lastBranch":1,"lastFunction":2,"lastStatement":5,"seen":{"s:11:21:26:Infinity":0,"f:11:21:11:22":0,"b:12:2:12:Infinity:undefined:undefined:undefined:undefined":0,"s:12:2:12:Infinity":1,"s:12:15:12:Infinity":2,"s:14:2:24:Infinity":3,"f:16:46:16:47":1,"s:16:53:16:Infinity":4}}}
,"/home/u634805/projects/monte/star-realms-counter/src/components/molecules/Counter.tsx": {"path":"/home/u634805/projects/monte/star-realms-counter/src/components/molecules/Counter.tsx","statementMap":{"0":{"start":{"line":14,"column":23},"end":{"line":43,"column":null}},"1":{"start":{"line":23,"column":26},"end":{"line":26,"column":null}},"2":{"start":{"line":24,"column":4},"end":{"line":24,"column":null}},"3":{"start":{"line":24,"column":46},"end":{"line":24,"column":null}},"4":{"start":{"line":25,"column":4},"end":{"line":25,"column":null}},"5":{"start":{"line":28,"column":2},"end":{"line":41,"column":null}},"6":{"start":{"line":36,"column":31},"end":{"line":36,"column":51}},"7":{"start":{"line":37,"column":31},"end":{"line":37,"column":51}},"8":{"start":{"line":38,"column":31},"end":{"line":38,"column":47}},"9":{"start":{"line":39,"column":31},"end":{"line":39,"column":47}}},"fnMap":{"0":{"name":"(anonymous_0)","decl":{"start":{"line":14,"column":23},"end":{"line":14,"column":24}},"loc":{"start":{"line":22,"column":20},"end":{"line":43,"column":null}},"line":22},"1":{"name":"(anonymous_1)","decl":{"start":{"line":23,"column":26},"end":{"line":23,"column":27}},"loc":{"start":{"line":23,"column":46},"end":{"line":26,"column":null}},"line":23},"2":{"name":"(anonymous_2)","decl":{"start":{"line":36,"column":25},"end":{"line":36,"column":31}},"loc":{"start":{"line":36,"column":31},"end":{"line":36,"column":51}},"line":36},"3":{"name":"(anonymous_3)","decl":{"start":{"line":37,"column":25},"end":{"line":37,"column":31}},"loc":{"start":{"line":37,"column":31},"end":{"line":37,"column":51}},"line":37},"4":{"name":"(anonymous_4)","decl":{"start":{"line":38,"column":25},"end":{"line":38,"column":31}},"loc":{"start":{"line":38,"column":31},"end":{"line":38,"column":47}},"line":38},"5":{"name":"(anonymous_5)","decl":{"start":{"line":39,"column":25},"end":{"line":39,"column":31}},"loc":{"start":{"line":39,"column":31},"end":{"line":39,"column":47}},"line":39}},"branchMap":{"0":{"loc":{"start":{"line":21,"column":2},"end":{"line":21,"column":null}},"type":"default-arg","locations":[{"start":{"line":21,"column":18},"end":{"line":21,"column":null}}],"line":21},"1":{"loc":{"start":{"line":24,"column":4},"end":{"line":24,"column":null}},"type":"if","locations":[{"start":{"line":24,"column":4},"end":{"line":24,"column":null}},{"start":{},"end":{}}],"line":24},"2":{"loc":{"start":{"line":24,"column":8},"end":{"line":24,"column":46}},"type":"binary-expr","locations":[{"start":{"line":24,"column":8},"end":{"line":24,"column":26}},{"start":{"line":24,"column":26},"end":{"line":24,"column":46}}],"line":24}},"s":{"0":3,"1":22,"2":2,"3":1,"4":1,"5":22,"6":2,"7":0,"8":2,"9":1},"f":{"0":22,"1":2,"2":2,"3":0,"4":2,"5":1},"b":{"0":[22],"1":[1,1],"2":[2,1]},"meta":{"lastBranch":3,"lastFunction":6,"lastStatement":10,"seen":{"s:14:23:43:Infinity":0,"f:14:23:14:24":0,"b:21:18:21:Infinity":0,"s:23:26:26:Infinity":1,"f:23:26:23:27":1,"b:24:4:24:Infinity:undefined:undefined:undefined:undefined":1,"s:24:4:24:Infinity":2,"b:24:8:24:26:24:26:24:46":2,"s:24:46:24:Infinity":3,"s:25:4:25:Infinity":4,"s:28:2:41:Infinity":5,"f:36:25:36:31":2,"s:36:31:36:51":6,"f:37:25:37:31":3,"s:37:31:37:51":7,"f:38:25:38:31":4,"s:38:31:38:47":8,"f:39:25:39:31":5,"s:39:31:39:47":9}}}
,"/home/u634805/projects/monte/star-realms-counter/src/components/molecules/PlayerSelector.tsx": {"path":"/home/u634805/projects/monte/star-realms-counter/src/components/molecules/PlayerSelector.tsx","statementMap":{"0":{"start":{"line":9,"column":46},"end":{"line":9,"column":null}},"1":{"start":{"line":11,"column":30},"end":{"line":27,"column":null}},"2":{"start":{"line":12,"column":2},"end":{"line":25,"column":null}},"3":{"start":{"line":16,"column":8},"end":{"line":23,"column":null}},"4":{"start":{"line":20,"column":25},"end":{"line":20,"column":null}}},"fnMap":{"0":{"name":"(anonymous_0)","decl":{"start":{"line":11,"column":30},"end":{"line":11,"column":31}},"loc":{"start":{"line":11,"column":97},"end":{"line":27,"column":null}},"line":11},"1":{"name":"(anonymous_1)","decl":{"start":{"line":15,"column":25},"end":{"line":15,"column":null}},"loc":{"start":{"line":16,"column":8},"end":{"line":23,"column":null}},"line":16},"2":{"name":"(anonymous_2)","decl":{"start":{"line":20,"column":19},"end":{"line":20,"column":25}},"loc":{"start":{"line":20,"column":25},"end":{"line":20,"column":null}},"line":20}},"branchMap":{},"s":{"0":2,"1":2,"2":9,"3":36,"4":2},"f":{"0":9,"1":36,"2":2},"b":{},"meta":{"lastBranch":0,"lastFunction":3,"lastStatement":5,"seen":{"s:9:46:9:Infinity":0,"s:11:30:27:Infinity":1,"f:11:30:11:31":0,"s:12:2:25:Infinity":2,"f:15:25:15:Infinity":1,"s:16:8:23:Infinity":3,"f:20:19:20:25":2,"s:20:25:20:Infinity":4}}}
,"/home/u634805/projects/monte/star-realms-counter/src/components/molecules/TurnActions.tsx": {"path":"/home/u634805/projects/monte/star-realms-counter/src/components/molecules/TurnActions.tsx","statementMap":{"0":{"start":{"line":8,"column":27},"end":{"line":29,"column":null}},"1":{"start":{"line":9,"column":2},"end":{"line":27,"column":null}}},"fnMap":{"0":{"name":"(anonymous_0)","decl":{"start":{"line":8,"column":27},"end":{"line":8,"column":28}},"loc":{"start":{"line":8,"column":79},"end":{"line":29,"column":null}},"line":8}},"branchMap":{},"s":{"0":2,"1":9},"f":{"0":9},"b":{},"meta":{"lastBranch":0,"lastFunction":1,"lastStatement":2,"seen":{"s:8:27:29:Infinity":0,"f:8:27:8:28":0,"s:9:2:27:Infinity":1}}}
,"/home/u634805/projects/monte/star-realms-counter/src/components/organisms/PlayerCard.tsx": {"path":"/home/u634805/projects/monte/star-realms-counter/src/components/organisms/PlayerCard.tsx","statementMap":{"0":{"start":{"line":11,"column":26},"end":{"line":53,"column":null}},"1":{"start":{"line":12,"column":2},"end":{"line":51,"column":null}},"2":{"start":{"line":17,"column":31},"end":{"line":17,"column":null}},"3":{"start":{"line":29,"column":35},"end":{"line":29,"column":null}},"4":{"start":{"line":30,"column":35},"end":{"line":30,"column":null}},"5":{"start":{"line":38,"column":31},"end":{"line":38,"column":null}},"6":{"start":{"line":39,"column":31},"end":{"line":39,"column":null}},"7":{"start":{"line":46,"column":31},"end":{"line":46,"column":null}},"8":{"start":{"line":47,"column":31},"end":{"line":47,"column":null}}},"fnMap":{"0":{"name":"(anonymous_0)","decl":{"start":{"line":11,"column":26},"end":{"line":11,"column":27}},"loc":{"start":{"line":11,"column":75},"end":{"line":53,"column":null}},"line":11},"1":{"name":"(anonymous_1)","decl":{"start":{"line":17,"column":20},"end":{"line":17,"column":21}},"loc":{"start":{"line":17,"column":31},"end":{"line":17,"column":null}},"line":17},"2":{"name":"(anonymous_2)","decl":{"start":{"line":29,"column":23},"end":{"line":29,"column":24}},"loc":{"start":{"line":29,"column":35},"end":{"line":29,"column":null}},"line":29},"3":{"name":"(anonymous_3)","decl":{"start":{"line":30,"column":23},"end":{"line":30,"column":24}},"loc":{"start":{"line":30,"column":35},"end":{"line":30,"column":null}},"line":30},"4":{"name":"(anonymous_4)","decl":{"start":{"line":38,"column":25},"end":{"line":38,"column":31}},"loc":{"start":{"line":38,"column":31},"end":{"line":38,"column":null}},"line":38},"5":{"name":"(anonymous_5)","decl":{"start":{"line":39,"column":25},"end":{"line":39,"column":31}},"loc":{"start":{"line":39,"column":31},"end":{"line":39,"column":null}},"line":39},"6":{"name":"(anonymous_6)","decl":{"start":{"line":46,"column":25},"end":{"line":46,"column":31}},"loc":{"start":{"line":46,"column":31},"end":{"line":46,"column":null}},"line":46},"7":{"name":"(anonymous_7)","decl":{"start":{"line":47,"column":25},"end":{"line":47,"column":31}},"loc":{"start":{"line":47,"column":31},"end":{"line":47,"column":null}},"line":47}},"branchMap":{},"s":{"0":2,"1":18,"2":9,"3":1,"4":0,"5":0,"6":0,"7":0,"8":0},"f":{"0":18,"1":9,"2":1,"3":0,"4":0,"5":0,"6":0,"7":0},"b":{},"meta":{"lastBranch":0,"lastFunction":8,"lastStatement":9,"seen":{"s:11:26:53:Infinity":0,"f:11:26:11:27":0,"s:12:2:51:Infinity":1,"f:17:20:17:21":1,"s:17:31:17:Infinity":2,"f:29:23:29:24":2,"s:29:35:29:Infinity":3,"f:30:23:30:24":3,"s:30:35:30:Infinity":4,"f:38:25:38:31":4,"s:38:31:38:Infinity":5,"f:39:25:39:31":5,"s:39:31:39:Infinity":6,"f:46:25:46:31":6,"s:46:31:46:Infinity":7,"f:47:25:47:31":7,"s:47:31:47:Infinity":8}}}
,"/home/u634805/projects/monte/star-realms-counter/src/types/index.ts": {"path":"/home/u634805/projects/monte/star-realms-counter/src/types/index.ts","statementMap":{"0":{"start":{"line":14,"column":29},"end":{"line":16,"column":null}},"1":{"start":{"line":15,"column":2},"end":{"line":15,"column":null}},"2":{"start":{"line":18,"column":31},"end":{"line":20,"column":null}},"3":{"start":{"line":19,"column":2},"end":{"line":19,"column":null}},"4":{"start":{"line":22,"column":29},"end":{"line":24,"column":null}},"5":{"start":{"line":23,"column":2},"end":{"line":23,"column":null}},"6":{"start":{"line":26,"column":29},"end":{"line":36,"column":null}},"7":{"start":{"line":27,"column":2},"end":{"line":27,"column":null}},"8":{"start":{"line":27,"column":53},"end":{"line":27,"column":null}},"9":{"start":{"line":28,"column":12},"end":{"line":28,"column":null}},"10":{"start":{"line":29,"column":2},"end":{"line":34,"column":null}}},"fnMap":{"0":{"name":"(anonymous_0)","decl":{"start":{"line":14,"column":29},"end":{"line":14,"column":30}},"loc":{"start":{"line":14,"column":70},"end":{"line":16,"column":null}},"line":14},"1":{"name":"(anonymous_1)","decl":{"start":{"line":18,"column":31},"end":{"line":18,"column":32}},"loc":{"start":{"line":18,"column":74},"end":{"line":20,"column":null}},"line":18},"2":{"name":"(anonymous_2)","decl":{"start":{"line":22,"column":29},"end":{"line":22,"column":30}},"loc":{"start":{"line":22,"column":70},"end":{"line":24,"column":null}},"line":22},"3":{"name":"(anonymous_3)","decl":{"start":{"line":26,"column":29},"end":{"line":26,"column":30}},"loc":{"start":{"line":26,"column":68},"end":{"line":36,"column":null}},"line":26}},"branchMap":{"0":{"loc":{"start":{"line":27,"column":2},"end":{"line":27,"column":null}},"type":"if","locations":[{"start":{"line":27,"column":2},"end":{"line":27,"column":null}},{"start":{},"end":{}}],"line":27},"1":{"loc":{"start":{"line":27,"column":6},"end":{"line":27,"column":53}},"type":"binary-expr","locations":[{"start":{"line":27,"column":6},"end":{"line":27,"column":36}},{"start":{"line":27,"column":36},"end":{"line":27,"column":53}}],"line":27},"2":{"loc":{"start":{"line":30,"column":4},"end":{"line":34,"column":null}},"type":"binary-expr","locations":[{"start":{"line":30,"column":4},"end":{"line":30,"column":null}},{"start":{"line":31,"column":4},"end":{"line":31,"column":null}},{"start":{"line":32,"column":4},"end":{"line":32,"column":null}},{"start":{"line":33,"column":4},"end":{"line":33,"column":null}},{"start":{"line":34,"column":4},"end":{"line":34,"column":null}}],"line":30}},"s":{"0":1,"1":4,"2":1,"3":4,"4":1,"5":6,"6":1,"7":5,"8":1,"9":4,"10":4},"f":{"0":4,"1":4,"2":6,"3":5},"b":{"0":[1,4],"1":[5,5],"2":[4,2,1,1,1]},"meta":{"lastBranch":3,"lastFunction":4,"lastStatement":11,"seen":{"s:14:29:16:Infinity":0,"f:14:29:14:30":0,"s:15:2:15:Infinity":1,"s:18:31:20:Infinity":2,"f:18:31:18:32":1,"s:19:2:19:Infinity":3,"s:22:29:24:Infinity":4,"f:22:29:22:30":2,"s:23:2:23:Infinity":5,"s:26:29:36:Infinity":6,"f:26:29:26:30":3,"b:27:2:27:Infinity:undefined:undefined:undefined:undefined":0,"s:27:2:27:Infinity":7,"b:27:6:27:36:27:36:27:53":1,"s:27:53:27:Infinity":8,"s:28:12:28:Infinity":9,"s:29:2:34:Infinity":10,"b:30:4:30:Infinity:31:4:31:Infinity:32:4:32:Infinity:33:4:33:Infinity:34:4:34:Infinity":2}}}
}
